<?xml version="1.0" encoding="UTF-8"?>
<testng-results ignored="0" total="1" passed="1" failed="0" skipped="0">
  <reporter-output>
  </reporter-output>
  <suite started-at="2022-07-26T13:55:02 IST" name="Default suite" finished-at="2022-07-26T13:55:48 IST" duration-ms="46847">
    <groups>
    </groups>
    <test started-at="2022-07-26T13:55:02 IST" name="Default test" finished-at="2022-07-26T13:55:48 IST" duration-ms="46847">
      <class name="com.web.tests.HomePageTest">
        <test-method is-config="true" signature="SetUp()[pri:0, instance:com.web.tests.HomePageTest@7ff95560]" started-at="2022-07-26T13:55:02 IST" name="SetUp" finished-at="2022-07-26T13:55:45 IST" duration-ms="42967" status="PASS">
          <reporter-output>
          </reporter-output>
        </test-method> <!-- SetUp -->
        <test-method signature="CheckSignLink()[pri:0, instance:com.web.tests.HomePageTest@7ff95560]" started-at="2022-07-26T13:55:45 IST" name="CheckSignLink" finished-at="2022-07-26T13:55:48 IST" duration-ms="3751" status="PASS">
          <reporter-output>
          </reporter-output>
        </test-method> <!-- CheckSignLink -->
        <test-method is-config="true" signature="TearDown()[pri:0, instance:com.web.tests.HomePageTest@7ff95560]" started-at="2022-07-26T13:55:48 IST" name="TearDown" finished-at="2022-07-26T13:55:48 IST" duration-ms="82" status="PASS">
          <reporter-output>
          </reporter-output>
        </test-method> <!-- TearDown -->
      </class> <!-- com.web.tests.HomePageTest -->
    </test> <!-- Default test -->
  </suite> <!-- Default suite -->
</testng-results>
